<?xml version="1.0" encoding="UTF-8"?>
<!-- Generated by org.testng.reporters.JUnitReportReporter -->
<testsuite hostname="IQZCBELT051" failures="0" tests="4" name="Package_Demo.Pega_login" time="27.295" errors="0" timestamp="2021-11-25T00:59:36 IST" skipped="0">
  <testcase classname="Package_Demo.Pega_login" name="launch_app" time="1.905"/>
  <system-out/>
  <testcase classname="Package_Demo.Pega_login" name="click_login" time="25.223"/>
  <system-out/>
  <testcase classname="Package_Demo.Pega_login" name="enter_password" time="0.079"/>
  <system-out/>
  <testcase classname="Package_Demo.Pega_login" name="enter_user" time="0.088"/>
  <system-out/>
</testsuite> <!-- Package_Demo.Pega_login -->
