<?xml version="1.0" encoding="UTF-8"?>
<!-- Generated by org.testng.reporters.JUnitReportReporter -->
<testsuite hostname="IQZCBELT051" failures="0" tests="4" name="Package_Demo.Pega_login" time="21.708" errors="0" timestamp="2021-11-25T01:11:55 IST" skipped="0">
  <testcase classname="Package_Demo.Pega_login" name="launch_app" time="1.923"/>
  <system-out/>
  <testcase classname="Package_Demo.Pega_login" name="click_login" time="19.691"/>
  <system-out/>
  <testcase classname="Package_Demo.Pega_login" name="enter_password" time="0.048"/>
  <system-out/>
  <testcase classname="Package_Demo.Pega_login" name="enter_user" time="0.046"/>
  <system-out/>
</testsuite> <!-- Package_Demo.Pega_login -->
